<?xml version="1.0" encoding="UTF-8"?>
<!-- Generated by org.testng.reporters.JUnitReportReporter -->
<testsuite hostname="DESKTOP-EG1V1JT" failures="0" tests="5" name="pages.SeFoundationSiteOpeningUp" time="67.096" errors="0" timestamp="14 May 2021 05:30:14 GMT" skipped="0">
  <testcase classname="pages.SeFoundationSiteOpeningUp" name="initialize" time="18.807"/>
  <testcase classname="pages.SeFoundationSiteOpeningUp" name="initialize" time="15.770"/>
  <testcase classname="pages.SeFoundationSiteOpeningUp" name="initialize" time="8.675"/>
  <testcase classname="pages.SeFoundationSiteOpeningUp" name="initialize" time="13.739"/>
  <testcase classname="pages.SeFoundationSiteOpeningUp" name="initialize" time="10.105"/>
</testsuite> <!-- pages.SeFoundationSiteOpeningUp -->
