<?xml version="1.0" encoding="UTF-8"?>
<!-- Generated by org.testng.reporters.JUnitReportReporter -->
<testsuite hostname="DESKTOP-EG1V1JT" failures="0" tests="1" name="tests.TestBase" time="26.118" errors="0" timestamp="13 May 2021 05:47:25 GMT" skipped="0">
  <testcase classname="tests.TestBase" name="initialize" time="26.118"/>
</testsuite> <!-- tests.TestBase -->
